<?xml version="1.0" encoding="UTF-8"?>
<!-- Generated by org.testng.reporters.JUnitReportReporter -->
<testsuite hostname="BLRXRI30083949" failures="0" tests="1" name="test.HomePage" time="5.867" errors="0" timestamp="4 May 2021 11:09:34 GMT">
  <testcase classname="test.HomePage" name="basePageNavigation" time="5.867"/>
</testsuite> <!-- test.HomePage -->
