<?xml version="1.0" encoding="UTF-8"?>
<!-- Generated by org.testng.reporters.JUnitReportReporter -->
<testsuite hostname="BLRXRI30083949" name="academy.HomePage" tests="2" failures="0" timestamp="7 May 2021 13:39:57 GMT" time="7.548" errors="0">
  <testcase name="HomePage" time="4.011" classname="academy.HomePage"/>
  <testcase name="HomePage" time="3.537" classname="academy.HomePage"/>
</testsuite> <!-- academy.HomePage -->
