<?xml version="1.0" encoding="UTF-8"?>
<!-- Generated by org.testng.reporters.JUnitReportReporter -->
<testsuite hostname="BLRXRI30083949" name="academy.VerifyNavBar" tests="1" failures="0" timestamp="7 May 2021 13:39:57 GMT" time="0.100" errors="0">
  <testcase name="VerifyNavBar" time="0.100" classname="academy.VerifyNavBar"/>
</testsuite> <!-- academy.VerifyNavBar -->
