<?xml version="1.0" encoding="UTF-8"?>
<!-- Generated by org.testng.reporters.JUnitReportReporter -->
<testsuite hostname="BLRXRI30083949" name="academy.VerifyTitle" tests="1" failures="0" timestamp="7 May 2021 13:39:57 GMT" time="0.083" errors="0">
  <testcase name="VerifyTitle" time="0.083" classname="academy.VerifyTitle"/>
</testsuite> <!-- academy.VerifyTitle -->
